<?xml version="1.0" encoding="UTF-8"?>
<testng-results skipped="0" failed="0" total="1" passed="1">
  <reporter-output>
  </reporter-output>
  <suite name="Default suite" duration-ms="12721" started-at="2020-06-13T04:45:31Z" finished-at="2020-06-13T04:45:44Z">
    <groups>
    </groups>
    <test name="Default test" duration-ms="12721" started-at="2020-06-13T04:45:31Z" finished-at="2020-06-13T04:45:44Z">
      <class name="JobTest.ScheduleJobTest">
        <test-method status="PASS" signature="SetBrowser()[pri:0, instance:JobTest.ScheduleJobTest@1593948d]" name="SetBrowser" is-config="true" duration-ms="6266" started-at="2020-06-13T10:15:31Z" finished-at="2020-06-13T10:15:37Z">
          <reporter-output>
          </reporter-output>
        </test-method> <!-- SetBrowser -->
        <test-method status="PASS" signature="test()[pri:0, instance:JobTest.ScheduleJobTest@1593948d]" name="test" duration-ms="6326" started-at="2020-06-13T10:15:37Z" finished-at="2020-06-13T10:15:44Z">
          <reporter-output>
          </reporter-output>
        </test-method> <!-- test -->
        <test-method status="PASS" signature="CloseBrowser()[pri:0, instance:JobTest.ScheduleJobTest@1593948d]" name="CloseBrowser" is-config="true" duration-ms="113" started-at="2020-06-13T10:15:44Z" finished-at="2020-06-13T10:15:44Z">
          <reporter-output>
          </reporter-output>
        </test-method> <!-- CloseBrowser -->
      </class> <!-- JobTest.ScheduleJobTest -->
    </test> <!-- Default test -->
  </suite> <!-- Default suite -->
</testng-results>
